Searching for problems in the data description...Providing feedback to improve results...
Summarizing learning...[code_consistency_reviewer] Reviewing step 1/9...Reasoning whether this iteration is better than previous one...Comparing cmbagent plan against methods.md...




 |  done 38983 734 [0m 1s]
Best Analysis obtained in current iteration
 |  done 38983 1120 [0m 1s]
 |  done 38983 1639 [0m 2s]
[code_consistency_reviewer] Reviewing step 2/9...
[code_consistency_reviewer] Reviewing step 3/9...
 |  done 41049 2263 [0m 2s]
 |  done 43195 2655 [0m 3s]
[code_consistency_reviewer] Reviewing step 4/9...
[code_consistency_reviewer] Reviewing step 5/9...
[code_consistency_reviewer] Reviewing step 6/9...
[code_consistency_reviewer] Reviewing step 7/9...
[code_consistency_reviewer] Reviewing step 8/9...
 |  done 51612 3392 [0m 8s]
Thinking in new ideas/hypotheses...Reasoning whether a new iteration is needed...

Decision: iterate
 |  done 68425 3906 [0m 9s]
 |  done 68425 4072 [0m 10s]
Evaluation done in 0 min 10 sec. Cost: $0.064
