Searching for problems in the data description...
Providing feedback to improve results...Summarizing learning...
[code_consistency_reviewer] Reviewing step 1/8...
Reasoning whether this iteration is better than previous one...

Comparing cmbagent plan against methods.md...
 |  done 37067 784 [0m 1s]
[code_consistency_reviewer] Reviewing step 2/8...
Best Analysis obtained in current iteration
 |  done 37067 1083 [0m 1s]
 |  done 39027 1452 [0m 1s]
[code_consistency_reviewer] Reviewing step 3/8...
 |  done 40966 2104 [0m 2s]
[code_consistency_reviewer] Reviewing step 4/8...
 |  done 43110 2749 [0m 4s]
[code_consistency_reviewer] Reviewing step 5/8...
[code_consistency_reviewer] Reviewing step 6/8...
[code_consistency_reviewer] Reviewing step 7/8...
 |  done 49215 3470 [0m 8s]
Thinking in new ideas/hypotheses...Reasoning whether a new iteration is needed...

Decision: iterate
 |  done 64542 4014 [0m 9s]
 |  done 64542 4101 [0m 10s]
Evaluation done in 0 min 10 sec. Cost: $0.042
