Searching for problems in the data description...Providing feedback to improve results...
[code_consistency_reviewer] Reviewing step 1/7...Summarizing learning...

Reasoning whether this iteration is better than previous one...Comparing cmbagent plan against methods.md...


[code_consistency_reviewer] Reviewing step 2/7...
 |  done 39814 845 [0m 1s]
 |  done 39814 977 [0m 1s]
[code_consistency_reviewer] Reviewing step 3/7...
Best Analysis obtained in current iteration
 |  done 43553 1447 [0m 2s]
[code_consistency_reviewer] Reviewing step 4/7...
 |  done 45065 2593 [0m 3s]
 |  done 45065 2623 [0m 3s]
[code_consistency_reviewer] Reviewing step 5/7...
[code_consistency_reviewer] Reviewing step 6/7...
 |  done 49302 3215 [0m 8s]
Thinking in new ideas/hypotheses...Reasoning whether a new iteration is needed...

Decision: iterate
 |  done 64615 3663 [0m 9s]
 |  done 64615 3752 [0m 10s]
Evaluation done in 0 min 10 sec. Cost: $0.031
